<?xml version="1.0" encoding="UTF-8"?>
<!-- Generated by org.testng.reporters.JUnitReportReporter -->
<testsuite skipped="0" hostname="Nishants-MacBook-Air.local" name="testgitandjenkins.testgitandjenkins1.Testing_git_jenkins" tests="1" failures="0" timestamp="04 Dec 2017 20:52:38 GMT" time="0.020" errors="0">
  <testcase name="print_something" time="0.020" classname="testgitandjenkins.testgitandjenkins1.Testing_git_jenkins"/>
</testsuite> <!-- testgitandjenkins.testgitandjenkins1.Testing_git_jenkins -->
