<?xml version="1.0" encoding="UTF-8"?>
<!-- Generated by org.testng.reporters.JUnitReportReporter -->
<testsuite skipped="0" hostname="Nishants-MacBook-Air.local" name="testgitandjenkins.testgitandjenkins1.Testgitjenkins" tests="1" failures="0" timestamp="01 Aug 2017 20:54:07 GMT" time="0.015" errors="0">
  <testcase name="print_something" time="0.015" classname="testgitandjenkins.testgitandjenkins1.Testgitjenkins"/>
</testsuite> <!-- testgitandjenkins.testgitandjenkins1.Testgitjenkins -->
